<?xml version="1.0" encoding="UTF-8"?>
<!-- Generated by org.testng.reporters.JUnitReportReporter -->
<testsuite hostname="PC329535" name="automationFramework.Accommodation_search_apply_filters_for_search_results" tests="1" failures="0" timestamp="20 Feb 2018 09:25:39 GMT" time="59.081" errors="0">
  <testcase name="search" time="59.081" classname="automationFramework.Accommodation_search_apply_filters_for_search_results"/>
</testsuite> <!-- automationFramework.Accommodation_search_apply_filters_for_search_results -->
