<?xml version="1.0" encoding="UTF-8"?>
<!-- Generated by org.testng.reporters.JUnitReportReporter -->
<testsuite hostname="PC329535" name="Rates.Existing_allotment_can_be_edited" tests="1" failures="0" timestamp="15 Feb 2018 12:38:20 GMT" time="54.002" errors="0">
  <testcase name="editrategeneraldetails" time="54.002" classname="Rates.Existing_allotment_can_be_edited"/>
</testsuite> <!-- Rates.Existing_allotment_can_be_edited -->
