<?xml version="1.0" encoding="UTF-8"?>
<!-- Generated by org.testng.reporters.JUnitReportReporter -->
<testsuite hostname="PC329535" name="Transfer.Transfer_Booking_Transfertype_Scheduled" tests="2" failures="0" timestamp="13 Feb 2018 12:05:24 GMT" time="53.696" errors="0">
  <testcase name="login" time="11.312" classname="Transfer.Transfer_Booking_Transfertype_Scheduled"/>
  <testcase name="searchaccomodation" time="42.384" classname="Transfer.Transfer_Booking_Transfertype_Scheduled"/>
</testsuite> <!-- Transfer.Transfer_Booking_Transfertype_Scheduled -->
