<?xml version="1.0" encoding="UTF-8"?>
<!-- Generated by org.testng.reporters.JUnitReportReporter -->
<testsuite hostname="PC329535" name="automationFramework.Accommodation_booking_cancel_reservation" tests="1" failures="0" timestamp="20 Jun 2018 14:17:38 GMT" time="119.091" errors="0">
  <testcase name="cancel" time="119.091" classname="automationFramework.Accommodation_booking_cancel_reservation"/>
</testsuite> <!-- automationFramework.Accommodation_booking_cancel_reservation -->
