<?xml version="1.0" encoding="UTF-8"?>
<!-- Generated by org.testng.reporters.JUnitReportReporter -->
<testsuite hostname="PC329535" name="Tour.Search_reservation_by_producttype_tours" tests="2" failures="0" timestamp="14 Feb 2018 07:33:51 GMT" time="21.832" errors="0">
  <testcase name="login" time="12.990" classname="Tour.Search_reservation_by_producttype_tours"/>
  <testcase name="Search_Reservation_Tour" time="8.842" classname="Tour.Search_reservation_by_producttype_tours"/>
</testsuite> <!-- Tour.Search_reservation_by_producttype_tours -->
