<?xml version="1.0" encoding="UTF-8"?>
<!-- Generated by org.testng.reporters.JUnitReportReporter -->
<testsuite hostname="PC329535" name="Transfer.Transfer_Search_Apply_Filters_For_Search_Results" tests="2" failures="0" timestamp="13 Feb 2018 11:05:35 GMT" time="47.692" errors="0">
  <testcase name="login" time="21.741" classname="Transfer.Transfer_Search_Apply_Filters_For_Search_Results"/>
  <testcase name="searchaccomodation" time="25.951" classname="Transfer.Transfer_Search_Apply_Filters_For_Search_Results"/>
</testsuite> <!-- Transfer.Transfer_Search_Apply_Filters_For_Search_Results -->
