<?xml version="1.0" encoding="UTF-8"?>
<!-- Generated by org.testng.reporters.JUnitReportReporter -->
<testsuite hostname="PC329535" name="automationFramework.Accommodation_booking_for_adults_with_children" tests="1" failures="0" timestamp="20 Feb 2018 09:25:39 GMT" time="78.822" errors="0">
  <testcase name="book" time="78.822" classname="automationFramework.Accommodation_booking_for_adults_with_children"/>
</testsuite> <!-- automationFramework.Accommodation_booking_for_adults_with_children -->
