<?xml version="1.0" encoding="UTF-8"?>
<!-- Generated by org.testng.reporters.JUnitReportReporter -->
<testsuite hostname="PC329535" name="Tour.Visa_Booking" tests="2" failures="0" timestamp="14 Feb 2018 07:24:45 GMT" time="73.223" errors="0">
  <testcase name="searchvisa" time="49.668" classname="Tour.Visa_Booking"/>
  <testcase name="login" time="23.555" classname="Tour.Visa_Booking"/>
</testsuite> <!-- Tour.Visa_Booking -->
