<?xml version="1.0" encoding="UTF-8"?>
<!-- Generated by org.testng.reporters.JUnitReportReporter -->
<testsuite hostname="PC329535" name="Rates.Accomodation_Filterrates_Inactivaterate" tests="1" failures="0" timestamp="14 Feb 2018 10:51:57 GMT" time="53.309" errors="0">
  <testcase name="inactivaterate" time="53.309" classname="Rates.Accomodation_Filterrates_Inactivaterate"/>
</testsuite> <!-- Rates.Accomodation_Filterrates_Inactivaterate -->
