<?xml version="1.0" encoding="UTF-8"?>
<!-- Generated by org.testng.reporters.JUnitReportReporter -->
<testsuite hostname="PC329535" name="Tour.Search_reservation_by_producttype_visa" tests="2" failures="0" timestamp="14 Feb 2018 07:28:27 GMT" time="34.956" errors="0">
  <testcase name="Search_Reservation_Visa" time="9.693" classname="Tour.Search_reservation_by_producttype_visa"/>
  <testcase name="login" time="25.263" classname="Tour.Search_reservation_by_producttype_visa"/>
</testsuite> <!-- Tour.Search_reservation_by_producttype_visa -->
