<?xml version="1.0" encoding="UTF-8"?>
<!-- Generated by org.testng.reporters.JUnitReportReporter -->
<testsuite hostname="PC329535" name="automationFramework.Accommodation_booking_for_DOTW_rate_outside_cancellation_one_room" tests="1" failures="0" timestamp="20 Feb 2018 09:25:39 GMT" time="94.391" errors="0">
  <testcase name="bookdotw" time="94.391" classname="automationFramework.Accommodation_booking_for_DOTW_rate_outside_cancellation_one_room"/>
</testsuite> <!-- automationFramework.Accommodation_booking_for_DOTW_rate_outside_cancellation_one_room -->
