<?xml version="1.0" encoding="UTF-8"?>
<!-- Generated by org.testng.reporters.JUnitReportReporter -->
<testsuite hostname="PC329535" name="Tour.Tour_search_apply_filters" tests="2" failures="0" timestamp="14 Feb 2018 06:31:41 GMT" time="59.018" errors="0">
  <testcase name="searchtour" time="30.665" classname="Tour.Tour_search_apply_filters"/>
  <testcase name="login" time="28.353" classname="Tour.Tour_search_apply_filters"/>
</testsuite> <!-- Tour.Tour_search_apply_filters -->
