<?xml version="1.0" encoding="UTF-8"?>
<!-- Generated by org.testng.reporters.JUnitReportReporter -->
<testsuite hostname="PC329535" name="Transfer.Transfer_Booking_Transfertype_Private" tests="2" failures="0" timestamp="13 Feb 2018 11:20:06 GMT" time="62.773" errors="0">
  <testcase name="login" time="12.526" classname="Transfer.Transfer_Booking_Transfertype_Private"/>
  <testcase name="searchaccomodation" time="50.247" classname="Transfer.Transfer_Booking_Transfertype_Private"/>
</testsuite> <!-- Transfer.Transfer_Booking_Transfertype_Private -->
