<?xml version="1.0" encoding="UTF-8"?>
<!-- Generated by org.testng.reporters.JUnitReportReporter -->
<testsuite hostname="PC329535" name="automationFramework.Search_reservation_by_product_type_accommodation" tests="1" failures="0" timestamp="20 Jun 2018 14:24:02 GMT" time="102.934" errors="0">
  <testcase name="searchaccombook" time="102.934" classname="automationFramework.Search_reservation_by_product_type_accommodation"/>
</testsuite> <!-- automationFramework.Search_reservation_by_product_type_accommodation -->
