<?xml version="1.0" encoding="UTF-8"?>
<!-- Generated by org.testng.reporters.JUnitReportReporter -->
<testsuite hostname="PC329535" name="Tour.Tour_Booking" tests="2" failures="0" timestamp="14 Feb 2018 07:02:18 GMT" time="64.994" errors="0">
  <testcase name="login" time="16.578" classname="Tour.Tour_Booking"/>
  <testcase name="booktour" time="48.416" classname="Tour.Tour_Booking"/>
</testsuite> <!-- Tour.Tour_Booking -->
