<?xml version="1.0" encoding="UTF-8"?>
<!-- Generated by org.testng.reporters.JUnitReportReporter -->
<testsuite hostname="PC329535" name="Tour.Tour_search_apply_filters" tests="2" failures="0" timestamp="20 Jun 2018 14:33:32 GMT" time="63.230" errors="0">
  <testcase name="searchtour" time="36.930" classname="Tour.Tour_search_apply_filters"/>
  <testcase name="login" time="26.300" classname="Tour.Tour_search_apply_filters"/>
</testsuite> <!-- Tour.Tour_search_apply_filters -->
