<?xml version="1.0" encoding="UTF-8"?>
<!-- Generated by org.testng.reporters.JUnitReportReporter -->
<testsuite hostname="PC329535" name="automationFramework.Accommodation_bookingHistory" tests="1" failures="0" timestamp="20 Feb 2018 09:25:39 GMT" time="83.784" errors="0">
  <testcase name="bookinghistory" time="83.784" classname="automationFramework.Accommodation_bookingHistory"/>
</testsuite> <!-- automationFramework.Accommodation_bookingHistory -->
