<?xml version="1.0" encoding="UTF-8"?>
<!-- Generated by org.testng.reporters.JUnitReportReporter -->
<testsuite hostname="PC329535" name="automationFramework.Accommodation_booking_3rdparty" tests="1" failures="0" timestamp="20 Feb 2018 09:25:39 GMT" time="93.134" errors="0">
  <testcase name="bookthirdparty" time="93.134" classname="automationFramework.Accommodation_booking_3rdparty"/>
</testsuite> <!-- automationFramework.Accommodation_booking_3rdparty -->
