<?xml version="1.0" encoding="UTF-8"?>
<!-- Generated by org.testng.reporters.JUnitReportReporter -->
<testsuite hostname="PC329535" name="Transfer.View_Reservationof_ServiceType_Transfer" tests="2" failures="0" timestamp="13 Feb 2018 11:54:38 GMT" time="73.312" errors="0">
  <testcase name="searchaccomodation" time="61.862" classname="Transfer.View_Reservationof_ServiceType_Transfer"/>
  <testcase name="login" time="11.450" classname="Transfer.View_Reservationof_ServiceType_Transfer"/>
</testsuite> <!-- Transfer.View_Reservationof_ServiceType_Transfer -->
